Added Component: Designator=C1(RAD-0.3)
Added Component: Designator=C2(RAD-0.3)
Added Component: Designator=C3(RAD-0.3)
Added Component: Designator=C4(RAD-0.3)
Added Component: Designator=C5(RAD-0.3)
Added Component: Designator=C6(RAD-0.3)
Added Component: Designator=C7(RAD-0.3)
Added Component: Designator=C8(RAD-0.3)
Added Component: Designator=C9(RAD-0.3)
Added Component: Designator=C10(RAD-0.3)
Added Component: Designator=C11(RAD-0.3)
Added Component: Designator=C12(RAD-0.3)
Added Component: Designator=C13(RAD-0.3)
Added Component: Designator=D1(DIODE-0.7)
Added Component: Designator=D2(DIODE-0.7)
Added Component: Designator=J1(JACK/6-V3)
Added Component: Designator=P0(HDR1X11H)
Added Component: Designator=P1(TP1)
Added Component: Designator=P2(TP1)
Added Component: Designator=P3(TP1)
Added Component: Designator=PWR(KLD-0202)
Added Component: Designator=R1(AXIAL-0.3)
Added Component: Designator=R2(AXIAL-0.3)
Added Component: Designator=R3(AXIAL-0.3)
Added Component: Designator=R4(AXIAL-0.3)
Added Component: Designator=R5(AXIAL-0.3)
Added Component: Designator=R10(AXIAL-0.3)
Added Component: Designator=R11(AXIAL-0.3)
Added Component: Designator=U1(751B-05_N)
Added Component: Designator=U2(SOIC16_N)
Added Component: Designator=U3(SOIC16_N)
Added Pin To Net: NetName=E1 Pin=P2-1
Added Pin To Net: NetName=E1 Pin=R2-1
Added Pin To Net: NetName=E1 Pin=U2-12
Added Pin To Net: NetName=E1 Pin=U3-14
Added Net: Name=E1
Added Pin To Net: NetName=E2 Pin=P3-1
Added Pin To Net: NetName=E2 Pin=R3-1
Added Pin To Net: NetName=E2 Pin=U2-14
Added Pin To Net: NetName=E2 Pin=U3-12
Added Net: Name=E2
Added Pin To Net: NetName=HG1 Pin=P0-3
Added Pin To Net: NetName=HG1 Pin=U2-8
Added Net: Name=HG1
Added Pin To Net: NetName=HG2 Pin=P0-7
Added Pin To Net: NetName=HG2 Pin=U3-8
Added Net: Name=HG2
Added Pin To Net: NetName=HS1 Pin=C8-1
Added Pin To Net: NetName=HS1 Pin=P0-4
Added Pin To Net: NetName=HS1 Pin=U2-6
Added Net: Name=HS1
Added Pin To Net: NetName=HS2 Pin=C12-2
Added Pin To Net: NetName=HS2 Pin=D2-2
Added Pin To Net: NetName=HS2 Pin=P0-8
Added Pin To Net: NetName=HS2 Pin=U3-7
Added Net: Name=HS2
Added Pin To Net: NetName=LG1 Pin=P0-6
Added Pin To Net: NetName=LG1 Pin=U2-1
Added Net: Name=LG1
Added Pin To Net: NetName=LG2 Pin=P0-10
Added Pin To Net: NetName=LG2 Pin=U3-1
Added Net: Name=LG2
Added Pin To Net: NetName=LS1 Pin=C1-1
Added Pin To Net: NetName=LS1 Pin=C2-1
Added Pin To Net: NetName=LS1 Pin=C3-1
Added Pin To Net: NetName=LS1 Pin=C4-1
Added Pin To Net: NetName=LS1 Pin=C6-1
Added Pin To Net: NetName=LS1 Pin=C7-1
Added Pin To Net: NetName=LS1 Pin=C9-1
Added Pin To Net: NetName=LS1 Pin=C10-1
Added Pin To Net: NetName=LS1 Pin=C11-1
Added Pin To Net: NetName=LS1 Pin=C13-1
Added Pin To Net: NetName=LS1 Pin=J1-5
Added Pin To Net: NetName=LS1 Pin=P0-5
Added Pin To Net: NetName=LS1 Pin=P0-9
Added Pin To Net: NetName=LS1 Pin=P0-11
Added Pin To Net: NetName=LS1 Pin=PWR-2
Added Pin To Net: NetName=LS1 Pin=PWR-2A
Added Pin To Net: NetName=LS1 Pin=PWR-2B
Added Pin To Net: NetName=LS1 Pin=R1-1
Added Pin To Net: NetName=LS1 Pin=R5-1
Added Pin To Net: NetName=LS1 Pin=R11-2
Added Pin To Net: NetName=LS1 Pin=U1-1
Added Pin To Net: NetName=LS1 Pin=U1-7
Added Pin To Net: NetName=LS1 Pin=U1-16
Added Pin To Net: NetName=LS1 Pin=U2-2
Added Pin To Net: NetName=LS1 Pin=U2-15
Added Pin To Net: NetName=LS1 Pin=U3-2
Added Pin To Net: NetName=LS1 Pin=U3-15
Added Net: Name=LS1
Added Pin To Net: NetName=MIDI Pin=C5-1
Added Pin To Net: NetName=MIDI Pin=J1-1
Added Pin To Net: NetName=MIDI Pin=J1-3
Added Pin To Net: NetName=MIDI Pin=P0-2
Added Net: Name=MIDI
Added Pin To Net: NetName=NetC1_2 Pin=C1-2
Added Pin To Net: NetName=NetC1_2 Pin=U1-5
Added Net: Name=NetC1_2
Added Pin To Net: NetName=NetC5_2 Pin=C5-2
Added Pin To Net: NetName=NetC5_2 Pin=P1-1
Added Pin To Net: NetName=NetC5_2 Pin=R4-1
Added Pin To Net: NetName=NetC5_2 Pin=R5-2
Added Pin To Net: NetName=NetC5_2 Pin=R10-2
Added Pin To Net: NetName=NetC5_2 Pin=U1-4
Added Net: Name=NetC5_2
Added Pin To Net: NetName=NetC8_2 Pin=C8-2
Added Pin To Net: NetName=NetC8_2 Pin=D1-2
Added Pin To Net: NetName=NetC8_2 Pin=U2-7
Added Net: Name=NetC8_2
Added Pin To Net: NetName=NetC12_1 Pin=C12-1
Added Pin To Net: NetName=NetC12_1 Pin=U3-6
Added Net: Name=NetC12_1
Added Pin To Net: NetName=NetPWR_3 Pin=PWR-3
Added Pin To Net: NetName=NetPWR_3 Pin=PWR-3A
Added Pin To Net: NetName=NetPWR_3 Pin=PWR-3B
Added Net: Name=NetPWR_3
Added Pin To Net: NetName=NetR1_2 Pin=R1-2
Added Pin To Net: NetName=NetR1_2 Pin=R11-1
Added Pin To Net: NetName=NetR1_2 Pin=U1-6
Added Net: Name=NetR1_2
Added Pin To Net: NetName=NetR2_2 Pin=R2-2
Added Pin To Net: NetName=NetR2_2 Pin=U1-9
Added Net: Name=NetR2_2
Added Pin To Net: NetName=NetR3_2 Pin=R3-2
Added Pin To Net: NetName=NetR3_2 Pin=U1-10
Added Net: Name=NetR3_2
Added Pin To Net: NetName=VCC Pin=C2-2
Added Pin To Net: NetName=VCC Pin=C3-2
Added Pin To Net: NetName=VCC Pin=C6-2
Added Pin To Net: NetName=VCC Pin=C7-2
Added Pin To Net: NetName=VCC Pin=C9-2
Added Pin To Net: NetName=VCC Pin=C10-2
Added Pin To Net: NetName=VCC Pin=C11-2
Added Pin To Net: NetName=VCC Pin=C13-2
Added Pin To Net: NetName=VCC Pin=D1-1
Added Pin To Net: NetName=VCC Pin=D2-1
Added Pin To Net: NetName=VCC Pin=P0-1
Added Pin To Net: NetName=VCC Pin=PWR-1
Added Pin To Net: NetName=VCC Pin=PWR-1A
Added Pin To Net: NetName=VCC Pin=PWR-1B
Added Pin To Net: NetName=VCC Pin=U1-8
Added Pin To Net: NetName=VCC Pin=U1-11
Added Pin To Net: NetName=VCC Pin=U1-12
Added Pin To Net: NetName=VCC Pin=U2-3
Added Pin To Net: NetName=VCC Pin=U2-11
Added Pin To Net: NetName=VCC Pin=U3-3
Added Pin To Net: NetName=VCC Pin=U3-11
Added Net: Name=VCC
Added Pin To Net: NetName=VREF Pin=C4-2
Added Pin To Net: NetName=VREF Pin=R4-2
Added Pin To Net: NetName=VREF Pin=R10-1
Added Pin To Net: NetName=VREF Pin=U1-2
Added Pin To Net: NetName=VREF Pin=U1-13
Added Pin To Net: NetName=VREF Pin=U1-14
Added Pin To Net: NetName=VREF Pin=U1-15
Added Net: Name=VREF
Added Class: Name=Plasma Speaker SMD
Added Room: Name=Plasma Speaker SMD
